{"level":20,"time":"2025-03-17T23:01:00.857Z","pid":111791,"hostname":"paullaster","url":"/api/KineticTechnology/PayRoll/v2.0/payrollAdvance(no='SADV00013')","method":"put","params":{"compan":"MSF TEST"},"msg":"Outgoing requests"}
{"level":20,"time":"2025-03-17T23:01:01.540Z","pid":111791,"hostname":"paullaster","url":"/api/KineticTechnology/PayRoll/v2.0/payrollAdvance(no='SADV00013')","method":"put","params":{"compan":"MSF TEST","company":"MSF TEST"},"msg":"Outgoing requests"}
{"level":20,"time":"2025-03-17T23:01:01.935Z","pid":111791,"hostname":"paullaster","url":"/api/KineticTechnology/PayRoll/v2.0/payrollAdvance(no='SADV00013')","method":"put","params":{"compan":"MSF TEST","company":"MSF TEST"},"msg":"Outgoing requests"}
{"level":20,"time":"2025-03-17T23:01:02.449Z","pid":111791,"hostname":"paullaster","url":"/api/KineticTechnology/PayRoll/v2.0/payrollAdvance(no='SADV00013')","status":200,"msg":"Incoming response"}
{"level":20,"time":"2025-03-17T23:01:02.450Z","pid":111791,"hostname":"paullaster","url":"/api/KineticTechnology/PayRoll/v2.0/payrollAdvance(no='SADV00013')","status":200,"msg":"Incoming response"}
{"level":20,"time":"2025-03-17T23:01:02.450Z","pid":111791,"hostname":"paullaster","url":"/api/KineticTechnology/PayRoll/v2.0/payrollAdvance(no='SADV00013')","status":200,"msg":"Incoming response"}
{"level":20,"time":"2025-03-17T23:01:52.462Z","pid":112187,"hostname":"paullaster","url":"/api/KineticTechnology/PayRoll/v2.0/payrollAdvance(no='SADV000')","method":"put","params":{"compan":"MSF TEST"},"msg":"Outgoing requests"}
{"level":20,"time":"2025-03-17T23:01:53.143Z","pid":112187,"hostname":"paullaster","url":"/api/KineticTechnology/PayRoll/v2.0/payrollAdvance(no='SADV000')","method":"put","params":{"compan":"MSF TEST","company":"MSF TEST"},"msg":"Outgoing requests"}
{"level":20,"time":"2025-03-17T23:01:53.443Z","pid":112187,"hostname":"paullaster","url":"/api/KineticTechnology/PayRoll/v2.0/payrollAdvance(no='SADV000')","method":"put","params":{"compan":"MSF TEST","company":"MSF TEST"},"msg":"Outgoing requests"}
{"level":20,"time":"2025-03-17T23:01:59.832Z","pid":112187,"hostname":"paullaster","url":"/api/KineticTechnology/PayRoll/v2.0/payrollAdvance(no='SADV000')","status":404,"message":"Request failed with status code 404"}
{"level":20,"time":"2025-03-17T23:02:00.834Z","pid":112187,"hostname":"paullaster","url":"/api/KineticTechnology/PayRoll/v2.0/payrollAdvance(no='SADV000')","method":"put","params":{"compan":"MSF TEST","company":"MSF TEST"},"msg":"Outgoing requests"}
{"level":20,"time":"2025-03-17T23:02:01.125Z","pid":112187,"hostname":"paullaster","url":"/api/KineticTechnology/PayRoll/v2.0/payrollAdvance(no='SADV000')","status":401,"message":"Request failed with status code 401"}
{"level":20,"time":"2025-03-17T23:02:02.128Z","pid":112187,"hostname":"paullaster","url":"/api/KineticTechnology/PayRoll/v2.0/payrollAdvance(no='SADV000')","method":"put","params":{"compan":"MSF TEST","company":"MSF TEST"},"msg":"Outgoing requests"}
{"level":20,"time":"2025-03-17T23:02:02.458Z","pid":112187,"hostname":"paullaster","url":"/api/KineticTechnology/PayRoll/v2.0/payrollAdvance(no='SADV000')","status":401,"message":"Request failed with status code 401"}
{"level":20,"time":"2025-03-17T23:02:03.460Z","pid":112187,"hostname":"paullaster","url":"/api/KineticTechnology/PayRoll/v2.0/payrollAdvance(no='SADV000')","method":"put","params":{"compan":"MSF TEST","company":"MSF TEST"},"msg":"Outgoing requests"}
{"level":20,"time":"2025-03-17T23:02:03.785Z","pid":112187,"hostname":"paullaster","url":"/api/KineticTechnology/PayRoll/v2.0/payrollAdvance(no='SADV000')","status":401,"message":"Request failed with status code 401"}
{"level":20,"time":"2025-03-17T23:02:03.797Z","pid":112187,"hostname":"paullaster","message":"Cannot read properties of undefined (reading 'url')"}
{"level":20,"time":"2025-03-17T23:05:10.728Z","pid":112603,"hostname":"paullaster","url":"/api/KineticTechnology/PayRoll/v2.0/payrollAdvance(no='SADV000')","method":"put","params":{"compan":"MSF TEST"},"msg":"Outgoing requests"}
{"level":20,"time":"2025-03-17T23:05:11.399Z","pid":112603,"hostname":"paullaster","url":"/api/KineticTechnology/PayRoll/v2.0/payrollAdvance(no='SADV000')","method":"put","params":{"compan":"MSF TEST","company":"MSF TEST"},"msg":"Outgoing requests"}
{"level":20,"time":"2025-03-17T23:05:11.795Z","pid":112603,"hostname":"paullaster","url":"/api/KineticTechnology/PayRoll/v2.0/payrollAdvance(no='SADV000')","method":"put","params":{"compan":"MSF TEST","company":"MSF TEST"},"msg":"Outgoing requests"}
{"level":20,"time":"2025-03-17T23:05:12.227Z","pid":112603,"hostname":"paullaster","url":"/api/KineticTechnology/PayRoll/v2.0/payrollAdvance(no='SADV000')","status":404,"message":"Request failed with status code 404"}
{"level":20,"time":"2025-03-17T23:05:13.229Z","pid":112603,"hostname":"paullaster","url":"/api/KineticTechnology/PayRoll/v2.0/payrollAdvance(no='SADV000')","method":"put","params":{"compan":"MSF TEST","company":"MSF TEST"},"msg":"Outgoing requests"}
{"level":20,"time":"2025-03-17T23:05:13.539Z","pid":112603,"hostname":"paullaster","url":"/api/KineticTechnology/PayRoll/v2.0/payrollAdvance(no='SADV000')","status":401,"message":"Request failed with status code 401"}
{"level":20,"time":"2025-03-17T23:05:14.541Z","pid":112603,"hostname":"paullaster","url":"/api/KineticTechnology/PayRoll/v2.0/payrollAdvance(no='SADV000')","method":"put","params":{"compan":"MSF TEST","company":"MSF TEST"},"msg":"Outgoing requests"}
{"level":20,"time":"2025-03-17T23:05:14.869Z","pid":112603,"hostname":"paullaster","url":"/api/KineticTechnology/PayRoll/v2.0/payrollAdvance(no='SADV000')","status":401,"message":"Request failed with status code 401"}
{"level":20,"time":"2025-03-17T23:05:15.870Z","pid":112603,"hostname":"paullaster","url":"/api/KineticTechnology/PayRoll/v2.0/payrollAdvance(no='SADV000')","method":"put","params":{"compan":"MSF TEST","company":"MSF TEST"},"msg":"Outgoing requests"}
{"level":20,"time":"2025-03-17T23:05:16.198Z","pid":112603,"hostname":"paullaster","url":"/api/KineticTechnology/PayRoll/v2.0/payrollAdvance(no='SADV000')","status":401,"message":"Request failed with status code 401"}
{"level":20,"time":"2025-03-17T23:05:16.205Z","pid":112603,"hostname":"paullaster","message":"Cannot read properties of undefined (reading 'url')"}
{"level":20,"time":"2025-03-17T23:05:55.921Z","pid":112898,"hostname":"paullaster","url":"/api/KineticTechnology/PayRoll/v2.0/payrollAdvance(no='SADV000')","method":"put","params":{"compan":"MSF TEST"},"msg":"Outgoing requests"}
{"level":20,"time":"2025-03-17T23:05:56.471Z","pid":112898,"hostname":"paullaster","url":"/api/KineticTechnology/PayRoll/v2.0/payrollAdvance(no='SADV000')","method":"put","params":{"compan":"MSF TEST","company":"MSF TEST"},"msg":"Outgoing requests"}
{"level":20,"time":"2025-03-17T23:05:56.740Z","pid":112898,"hostname":"paullaster","url":"/api/KineticTechnology/PayRoll/v2.0/payrollAdvance(no='SADV000')","method":"put","params":{"compan":"MSF TEST","company":"MSF TEST"},"msg":"Outgoing requests"}
{"level":20,"time":"2025-03-17T23:05:57.111Z","pid":112898,"hostname":"paullaster","url":"/api/KineticTechnology/PayRoll/v2.0/payrollAdvance(no='SADV000')","status":404,"message":"Request failed with status code 404"}
{"level":20,"time":"2025-03-17T23:05:57.111Z","pid":112898,"hostname":"paullaster","msg":"Incoming response"}
{"level":20,"time":"2025-03-17T23:05:57.111Z","pid":112898,"hostname":"paullaster","msg":"Incoming response"}
{"level":20,"time":"2025-03-17T23:06:53.606Z","pid":113105,"hostname":"paullaster","url":"/api/KineticTechnology/PayRoll/v2.0/payrollAdvance(no='SADV000')","method":"put","params":{"compan":"MSF TEST"},"msg":"Outgoing requests"}
{"level":20,"time":"2025-03-17T23:06:54.315Z","pid":113105,"hostname":"paullaster","url":"/api/KineticTechnology/PayRoll/v2.0/payrollAdvance(no='SADV000')","method":"put","params":{"compan":"MSF TEST","company":"MSF TEST"},"msg":"Outgoing requests"}
{"level":20,"time":"2025-03-17T23:06:54.708Z","pid":113105,"hostname":"paullaster","url":"/api/KineticTechnology/PayRoll/v2.0/payrollAdvance(no='SADV000')","method":"put","params":{"compan":"MSF TEST","company":"MSF TEST"},"msg":"Outgoing requests"}
{"level":20,"time":"2025-03-17T23:06:55.127Z","pid":113105,"hostname":"paullaster","url":"/api/KineticTechnology/PayRoll/v2.0/payrollAdvance(no='SADV000')","status":404,"message":"Request failed with status code 404"}
{"level":20,"time":"2025-03-17T23:06:56.129Z","pid":113105,"hostname":"paullaster","url":"/api/KineticTechnology/PayRoll/v2.0/payrollAdvance(no='SADV000')","method":"put","params":{"compan":"MSF TEST","company":"MSF TEST"},"msg":"Outgoing requests"}
{"level":20,"time":"2025-03-17T23:06:56.456Z","pid":113105,"hostname":"paullaster","url":"/api/KineticTechnology/PayRoll/v2.0/payrollAdvance(no='SADV000')","status":401,"message":"Request failed with status code 401"}
{"level":20,"time":"2025-03-17T23:06:57.459Z","pid":113105,"hostname":"paullaster","url":"/api/KineticTechnology/PayRoll/v2.0/payrollAdvance(no='SADV000')","method":"put","params":{"compan":"MSF TEST","company":"MSF TEST"},"msg":"Outgoing requests"}
{"level":20,"time":"2025-03-17T23:06:57.756Z","pid":113105,"hostname":"paullaster","url":"/api/KineticTechnology/PayRoll/v2.0/payrollAdvance(no='SADV000')","status":401,"message":"Request failed with status code 401"}
{"level":20,"time":"2025-03-17T23:06:58.758Z","pid":113105,"hostname":"paullaster","url":"/api/KineticTechnology/PayRoll/v2.0/payrollAdvance(no='SADV000')","method":"put","params":{"compan":"MSF TEST","company":"MSF TEST"},"msg":"Outgoing requests"}
{"level":20,"time":"2025-03-17T23:06:59.055Z","pid":113105,"hostname":"paullaster","url":"/api/KineticTechnology/PayRoll/v2.0/payrollAdvance(no='SADV000')","status":401,"message":"Request failed with status code 401"}
{"level":20,"time":"2025-03-17T23:06:59.056Z","pid":113105,"hostname":"paullaster","msg":"Incoming response"}
{"level":20,"time":"2025-03-17T23:06:59.056Z","pid":113105,"hostname":"paullaster","msg":"Incoming response"}
{"level":20,"time":"2025-03-17T23:09:34.859Z","pid":113509,"hostname":"paullaster","url":"/api/KineticTechnology/PayRoll/v2.0/payrollAdvance(no='SADV000')","method":"put","params":{"compan":"MSF TEST"},"msg":"Outgoing requests"}
{"level":20,"time":"2025-03-17T23:09:35.481Z","pid":113509,"hostname":"paullaster","url":"/api/KineticTechnology/PayRoll/v2.0/payrollAdvance(no='SADV000')","method":"put","params":{"compan":"MSF TEST","company":"MSF TEST"},"msg":"Outgoing requests"}
{"level":20,"time":"2025-03-17T23:09:35.895Z","pid":113509,"hostname":"paullaster","url":"/api/KineticTechnology/PayRoll/v2.0/payrollAdvance(no='SADV000')","method":"put","params":{"compan":"MSF TEST","company":"MSF TEST"},"msg":"Outgoing requests"}
{"level":20,"time":"2025-03-17T23:09:36.341Z","pid":113509,"hostname":"paullaster","url":"/api/KineticTechnology/PayRoll/v2.0/payrollAdvance(no='SADV000')","status":404,"message":"Request failed with status code 404"}
{"level":20,"time":"2025-03-17T23:09:36.341Z","pid":113509,"hostname":"paullaster","msg":"Incoming response"}
{"level":20,"time":"2025-03-17T23:09:36.341Z","pid":113509,"hostname":"paullaster","msg":"Incoming response"}
{"level":20,"time":"2025-03-17T23:10:28.063Z","pid":113728,"hostname":"paullaster","url":"/api/KineticTechnology/PayRoll/v2.0/payrollAdvance(no='SADV000')","method":"put","params":{"compan":"MSF TEST"},"msg":"Outgoing requests"}
{"level":20,"time":"2025-03-17T23:10:28.766Z","pid":113728,"hostname":"paullaster","url":"/api/KineticTechnology/PayRoll/v2.0/payrollAdvance(no='SADV000')","method":"put","params":{"compan":"MSF TEST","company":"MSF TEST"},"msg":"Outgoing requests"}
{"level":20,"time":"2025-03-17T23:10:29.144Z","pid":113728,"hostname":"paullaster","url":"/api/KineticTechnology/PayRoll/v2.0/payrollAdvance(no='SADV000')","method":"put","params":{"compan":"MSF TEST","company":"MSF TEST"},"msg":"Outgoing requests"}
{"level":20,"time":"2025-03-17T23:10:29.550Z","pid":113728,"hostname":"paullaster","url":"/api/KineticTechnology/PayRoll/v2.0/payrollAdvance(no='SADV000')","status":404,"message":"Request failed with status code 404"}
{"level":20,"time":"2025-03-17T23:10:29.550Z","pid":113728,"hostname":"paullaster","msg":"Incoming response"}
{"level":20,"time":"2025-03-17T23:10:29.550Z","pid":113728,"hostname":"paullaster","msg":"Incoming response"}
{"level":20,"time":"2025-03-17T23:21:52.294Z","pid":117156,"hostname":"paullaster","url":"/api/KineticTechnology/PayRoll/v2.0/payrollAdvance(no='SADV000')","method":"put","params":{"compan":"MSF TEST"},"msg":"Outgoing requests"}
{"level":20,"time":"2025-03-17T23:21:52.941Z","pid":117156,"hostname":"paullaster","url":"/api/KineticTechnology/PayRoll/v2.0/payrollAdvance(no='SADV000')","method":"put","params":{"compan":"MSF TEST","company":"MSF TEST"},"msg":"Outgoing requests"}
{"level":20,"time":"2025-03-17T23:21:53.246Z","pid":117156,"hostname":"paullaster","url":"/api/KineticTechnology/PayRoll/v2.0/payrollAdvance(no='SADV000')","method":"put","params":{"compan":"MSF TEST","company":"MSF TEST"},"msg":"Outgoing requests"}
{"level":20,"time":"2025-03-17T23:21:53.661Z","pid":117156,"hostname":"paullaster","url":"/api/KineticTechnology/PayRoll/v2.0/payrollAdvance(no='SADV000')","status":404,"message":"Request failed with status code 404"}
{"level":20,"time":"2025-03-17T23:21:53.661Z","pid":117156,"hostname":"paullaster","msg":"Incoming response"}
{"level":20,"time":"2025-03-17T23:21:53.661Z","pid":117156,"hostname":"paullaster","msg":"Incoming response"}
